Arguments: 
  /Users/jchao100/.nvm/versions/node/v13.3.0/bin/node /usr/local/Cellar/yarn/1.21.1/libexec/bin/yarn.js add react react-dom next

PATH: 
  /Users/jchao100/.nvm/versions/node/v13.3.0/bin:/Library/Java/JavaVirtualMachines/adoptopenjdk-11.jdk/Contents/Home/bin:/usr/local/mysql/bin:/Users/jchao100/go/bin:/Users/jchao100/bin:/usr/local/bin:/usr/bin:/bin:/usr/sbin:/sbin:/Library/TeX/texbin:/usr/local/share/dotnet:~/.dotnet/tools:/Library/Frameworks/Mono.framework/Versions/Current/Commands:/Applications/Wireshark.app/Contents/MacOS:/Applications/Xamarin Workbooks.app/Contents/SharedSupport/path-bin:/Users/jchao100/.nvm/versions/node/v13.3.0/bin:/usr/local/anaconda3/bin:/usr/local/anaconda3/condabin:/Library/Java/JavaVirtualMachines/adoptopenjdk-11.jdk/Contents/Home/bin:/usr/local/mysql/bin:/Users/jchao100/go/bin:/Users/jchao100/bin:/Users/jchao100/EAP-6.4.0/bin:/Users/jchao100/EAP-6.4.0/bin

Yarn version: 
  1.21.1

Node version: 
  13.3.0

Platform: 
  darwin x64

Trace: 
  Error: getaddrinfo ENOTFOUND repo1.uhc.com
      at GetAddrInfoReqWrap.onlookup [as oncomplete] (dns.js:64:26)

npm manifest: 
  {
    "name": "front_end",
    "version": "1.0.0",
    "main": "index.js",
    "license": "MIT"
  }

yarn manifest: 
  No manifest

Lockfile: 
  No lockfile
